=== Singapore P7 ===
Wrote outputs/final_si_p7/output.csv (30 candidates; 0 auto-final, 14 requiring review)
Wrote outputs/final_si_p7/output.json
=== Malaysia P6 ===
Wrote outputs/final_ma_p6/output.csv (8 candidates; 0 auto-final, 3 requiring review)
Wrote outputs/final_ma_p6/output.json
=== Malaysia P7 ===
Wrote outputs/final_ma_p7/output.csv (47 candidates; 0 auto-final, 6 requiring review)
Wrote outputs/final_ma_p7/output.json
=== Australia P6 ===
Wrote outputs/final_au_p6/output.csv (4 candidates; 0 auto-final, 4 requiring review)
Wrote outputs/final_au_p6/output.json
=== Australia P7 ===
Wrote outputs/final_au_p7/output.csv (9 candidates; 0 auto-final, 6 requiring review)
Wrote outputs/final_au_p7/output.json
submission/consolidated.csv: 102 candidate rows from 6 runs; no final file is produced without named approval replay
Singapore P6: {'gold': 1, 'matched': 1, 'NOT_IN_CORPUS': 0, 'IN_CORPUS_NOT_EMITTED': 0, 'EMITTED_OTHER_INDICATOR': 0, 'GOLD_REF_UNPARSEABLE': 0}
Singapore P7: {'gold': 6, 'matched': 5, 'NOT_IN_CORPUS': 0, 'IN_CORPUS_NOT_EMITTED': 1, 'EMITTED_OTHER_INDICATOR': 0, 'GOLD_REF_UNPARSEABLE': 0}
Malaysia P6: {'gold': 9, 'matched': 2, 'NOT_IN_CORPUS': 5, 'IN_CORPUS_NOT_EMITTED': 2, 'EMITTED_OTHER_INDICATOR': 0, 'GOLD_REF_UNPARSEABLE': 0}
Malaysia P7: {'gold': 12, 'matched': 7, 'NOT_IN_CORPUS': 3, 'IN_CORPUS_NOT_EMITTED': 1, 'EMITTED_OTHER_INDICATOR': 1, 'GOLD_REF_UNPARSEABLE': 0}
Australia P6: {'gold': 1, 'matched': 0, 'NOT_IN_CORPUS': 0, 'IN_CORPUS_NOT_EMITTED': 1, 'EMITTED_OTHER_INDICATOR': 0, 'GOLD_REF_UNPARSEABLE': 0}
Australia P7: {'gold': 4, 'matched': 1, 'NOT_IN_CORPUS': 0, 'IN_CORPUS_NOT_EMITTED': 3, 'EMITTED_OTHER_INDICATOR': 0, 'GOLD_REF_UNPARSEABLE': 0}

wrote data/review/recall_adjudication.md (17 misses to adjudicate)
    "27 Zone-3 scores await explicit approval/override",
    "approval-only submission replay has not produced final artifacts"
  ],
  "candidate_rows": 102
}
RESWEEP COMPLETE
